<?xml version="1.0" encoding="UTF-8"?>
<testsuite name="com.thoughtworks.wallet.WalletTest" tests="4" skipped="0" failures="0" errors="0" timestamp="2023-11-08T06:34:42" hostname="gurushifu-gurushifugitp-pvrljl4sk8p" time="0.058">
  <properties/>
  <testcase name="shouldReturnBalanceWhenEmpty()" classname="com.thoughtworks.wallet.WalletTest" time="0.047"/>
  <testcase name="shouldThrowExceptionWhenNegativeBalanceIsAdded()" classname="com.thoughtworks.wallet.WalletTest" time="0.004"/>
  <testcase name="shouldAddAmountToEmptyWallet()" classname="com.thoughtworks.wallet.WalletTest" time="0.001"/>
  <testcase name="shouldAddAmountToWalletAgain()" classname="com.thoughtworks.wallet.WalletTest" time="0.001"/>
  <system-out><![CDATA[]]></system-out>
  <system-err><![CDATA[]]></system-err>
</testsuite>
