<?xml version="1.0" encoding="UTF-8"?>
<testsuite name="com.thoughtworks.wallet.WalletTest" tests="1" skipped="0" failures="0" errors="0" timestamp="2023-11-10T11:16:01" hostname="Parths-MacBook-Pro.local" time="0.02">
  <properties/>
  <testcase name="shouldWithdrawMultipleTimesFromWalletAndCheckBalance()" classname="com.thoughtworks.wallet.WalletTest" time="0.02"/>
  <system-out><![CDATA[]]></system-out>
  <system-err><![CDATA[]]></system-err>
</testsuite>
